[2020-08-23 01:15:12] local.ERROR: access key id is empty {"exception":"[object] (OSS\\Core\\OssException(code: 0): access key id is empty at C:\\Users\\Administrator\\Desktop\\project\\yuyeqi\\vendor\\aliyuncs\\oss-sdk-php\\src\\OSS\\OssClient.php:89)
[stacktrace]
#0 C:\\Users\\Administrator\\Desktop\\project\\yuyeqi\\vendor\\jacobcyl\\ali-oss-storage\\src\\AliOssServiceProvider.php(48): OSS\\OssClient->__construct('', '', 'oss-cn-beijing-...', false)
#1 C:\\Users\\Administrator\\Desktop\\project\\yuyeqi\\vendor\\laravel\\framework\\src\\Illuminate\\Filesystem\\FilesystemManager.php(139): Jacobcyl\\AliOSS\\AliOssServiceProvider->Jacobcyl\\AliOSS\\{closure}(Object(Illuminate\\Foundation\\Application), Array)
#2 C:\\Users\\Administrator\\Desktop\\project\\yuyeqi\\vendor\\laravel\\framework\\src\\Illuminate\\Filesystem\\FilesystemManager.php(119): Illuminate\\Filesystem\\FilesystemManager->callCustomCreator(Array)
#3 C:\\Users\\Administrator\\Desktop\\project\\yuyeqi\\vendor\\laravel\\framework\\src\\Illuminate\\Filesystem\\FilesystemManager.php(103): Illuminate\\Filesystem\\FilesystemManager->resolve('oss')
#4 C:\\Users\\Administrator\\Desktop\\project\\yuyeqi\\vendor\\laravel\\framework\\src\\Illuminate\\Filesystem\\FilesystemManager.php(80): Illuminate\\Filesystem\\FilesystemManager->get('oss')
#5 C:\\Users\\Administrator\\Desktop\\project\\yuyeqi\\vendor\\laravel\\framework\\src\\Illuminate\\Filesystem\\FilesystemManager.php(399): Illuminate\\Filesystem\\FilesystemManager->disk()
#6 C:\\Users\\Administrator\\Desktop\\project\\yuyeqi\\vendor\\laravel\\framework\\src\\Illuminate\\Support\\Facades\\Facade.php(223): Illuminate\\Filesystem\\FilesystemManager->__call('put', Array)
#7 C:\\Users\\Administrator\\Desktop\\project\\yuyeqi\\app\\Http\\Controllers\\Admin\\PublicController.php(103): Illuminate\\Support\\Facades\\Facade::__callStatic('put', Array)
#8 [internal function]: App\\Http\\Controllers\\Admin\\PublicController->uploadAdmin(Object(Illuminate\\Http\\Request))
#9 C:\\Users\\Administrator\\Desktop\\project\\yuyeqi\\vendor\\laravel\\framework\\src\\Illuminate\\Routing\\Controller.php(54): call_user_func_array(Array, Array)
#10 C:\\Users\\Administrator\\Desktop\\project\\yuyeqi\\vendor\\laravel\\framework\\src\\Illuminate\\Routing\\ControllerDispatcher.php(45): Illuminate\\Routing\\Controller->callAction('uploadAdmin', Array)
#11 C:\\Users\\Administrator\\Desktop\\project\\yuyeqi\\vendor\\laravel\\framework\\src\\Illuminate\\Routing\\Route.php(212): Illuminate\\Routing\\ControllerDispatcher->dispatch(Object(Illuminate\\Routing\\Route), Object(App\\Http\\Controllers\\Admin\\PublicController), 'uploadAdmin')
#12 C:\\Users\\Administrator\\Desktop\\project\\yuyeqi\\vendor\\laravel\\framework\\src\\Illuminate\\Routing\\Route.php(169): Illuminate\\Routing\\Route->runController()
#13 C:\\Users\\Administrator\\Desktop\\project\\yuyeqi\\vendor\\laravel\\framework\\src\\Illuminate\\Routing\\Router.php(665): Illuminate\\Routing\\Route->run()
#14 C:\\Users\\Administrator\\Desktop\\project\\yuyeqi\\vendor\\laravel\\framework\\src\\Illuminate\\Routing\\Pipeline.php(30): Illuminate\\Routing\\Router->Illuminate\\Routing\\{closure}(Object(Illuminate\\Http\\Request))
#15 C:\\Users\\Administrator\\Desktop\\project\\yuyeqi\\vendor\\laravel\\framework\\src\\Illuminate\\Routing\\Middleware\\SubstituteBindings.php(41): Illuminate\\Routing\\Pipeline->Illuminate\\Routing\\{closure}(Object(Illuminate\\Http\\Request))
#16 C:\\Users\\Administrator\\Desktop\\project\\yuyeqi\\vendor\\laravel\\framework\\src\\Illuminate\\Pipeline\\Pipeline.php(151): Illuminate\\Routing\\Middleware\\SubstituteBindings->handle(Object(Illuminate\\Http\\Request), Object(Closure))
#17 C:\\Users\\Administrator\\Desktop\\project\\yuyeqi\\vendor\\laravel\\framework\\src\\Illuminate\\Routing\\Pipeline.php(53): Illuminate\\Pipeline\\Pipeline->Illuminate\\Pipeline\\{closure}(Object(Illuminate\\Http\\Request))
#18 C:\\Users\\Administrator\\Desktop\\project\\yuyeqi\\vendor\\laravel\\framework\\src\\Illuminate\\Foundation\\Http\\Middleware\\VerifyCsrfToken.php(68): Illuminate\\Routing\\Pipeline->Illuminate\\Routing\\{closure}(Object(Illuminate\\Http\\Request))
#19 C:\\Users\\Administrator\\Desktop\\project\\yuyeqi\\vendor\\laravel\\framework\\src\\Illuminate\\Pipeline\\Pipeline.php(151): Illuminate\\Foundation\\Http\\Middleware\\VerifyCsrfToken->handle(Object(Illuminate\\Http\\Request), Object(Closure))
#20 C:\\Users\\Administrator\\Desktop\\project\\yuyeqi\\vendor\\laravel\\framework\\src\\Illuminate\\Routing\\Pipeline.php(53): Illuminate\\Pipeline\\Pipeline->Illuminate\\Pipeline\\{closure}(Object(Illuminate\\Http\\Request))
#21 C:\\Users\\Administrator\\Desktop\\project\\yuyeqi\\vendor\\laravel\\framework\\src\\Illuminate\\View\\Middleware\\ShareErrorsFromSession.php(49): Illuminate\\Routing\\Pipeline->Illuminate\\Routing\\{closure}(Object(Illuminate\\Http\\Request))
#22 C:\\Users\\Administrator\\Desktop\\project\\yuyeqi\\vendor\\laravel\\framework\\src\\Illuminate\\Pipeline\\Pipeline.php(151): Illuminate\\View\\Middleware\\ShareErrorsFromSession->handle(Object(Illuminate\\Http\\Request), Object(Closure))
#23 C:\\Users\\Administrator\\Desktop\\project\\yuyeqi\\vendor\\laravel\\framework\\src\\Illuminate\\Routing\\Pipeline.php(53): Illuminate\\Pipeline\\Pipeline->Illuminate\\Pipeline\\{closure}(Object(Illuminate\\Http\\Request))
#24 C:\\Users\\Administrator\\Desktop\\project\\yuyeqi\\vendor\\laravel\\framework\\src\\Illuminate\\Session\\Middleware\\StartSession.php(63): Illuminate\\Routing\\Pipeline->Illuminate\\Routing\\{closure}(Object(Illuminate\\Http\\Request))
#25 C:\\Users\\Administrator\\Desktop\\project\\yuyeqi\\vendor\\laravel\\framework\\src\\Illuminate\\Pipeline\\Pipeline.php(151): Illuminate\\Session\\Middleware\\StartSession->handle(Object(Illuminate\\Http\\Request), Object(Closure))
#26 C:\\Users\\Administrator\\Desktop\\project\\yuyeqi\\vendor\\laravel\\framework\\src\\Illuminate\\Routing\\Pipeline.php(53): Illuminate\\Pipeline\\Pipeline->Illuminate\\Pipeline\\{closure}(Object(Illuminate\\Http\\Request))
#27 C:\\Users\\Administrator\\Desktop\\project\\yuyeqi\\vendor\\laravel\\framework\\src\\Illuminate\\Cookie\\Middleware\\AddQueuedCookiesToResponse.php(37): Illuminate\\Routing\\Pipeline->Illuminate\\Routing\\{closure}(Object(Illuminate\\Http\\Request))
#28 C:\\Users\\Administrator\\Desktop\\project\\yuyeqi\\vendor\\laravel\\framework\\src\\Illuminate\\Pipeline\\Pipeline.php(151): Illuminate\\Cookie\\Middleware\\AddQueuedCookiesToResponse->handle(Object(Illuminate\\Http\\Request), Object(Closure))
#29 C:\\Users\\Administrator\\Desktop\\project\\yuyeqi\\vendor\\laravel\\framework\\src\\Illuminate\\Routing\\Pipeline.php(53): Illuminate\\Pipeline\\Pipeline->Illuminate\\Pipeline\\{closure}(Object(Illuminate\\Http\\Request))
#30 C:\\Users\\Administrator\\Desktop\\project\\yuyeqi\\vendor\\laravel\\framework\\src\\Illuminate\\Cookie\\Middleware\\EncryptCookies.php(66): Illuminate\\Routing\\Pipeline->Illuminate\\Routing\\{closure}(Object(Illuminate\\Http\\Request))
#31 C:\\Users\\Administrator\\Desktop\\project\\yuyeqi\\vendor\\laravel\\framework\\src\\Illuminate\\Pipeline\\Pipeline.php(151): Illuminate\\Cookie\\Middleware\\EncryptCookies->handle(Object(Illuminate\\Http\\Request), Object(Closure))
#32 C:\\Users\\Administrator\\Desktop\\project\\yuyeqi\\vendor\\laravel\\framework\\src\\Illuminate\\Routing\\Pipeline.php(53): Illuminate\\Pipeline\\Pipeline->Illuminate\\Pipeline\\{closure}(Object(Illuminate\\Http\\Request))
#33 C:\\Users\\Administrator\\Desktop\\project\\yuyeqi\\vendor\\laravel\\framework\\src\\Illuminate\\Pipeline\\Pipeline.php(104): Illuminate\\Routing\\Pipeline->Illuminate\\Routing\\{closure}(Object(Illuminate\\Http\\Request))
#34 C:\\Users\\Administrator\\Desktop\\project\\yuyeqi\\vendor\\laravel\\framework\\src\\Illuminate\\Routing\\Router.php(667): Illuminate\\Pipeline\\Pipeline->then(Object(Closure))
#35 C:\\Users\\Administrator\\Desktop\\project\\yuyeqi\\vendor\\laravel\\framework\\src\\Illuminate\\Routing\\Router.php(642): Illuminate\\Routing\\Router->runRouteWithinStack(Object(Illuminate\\Routing\\Route), Object(Illuminate\\Http\\Request))
#36 C:\\Users\\Administrator\\Desktop\\project\\yuyeqi\\vendor\\laravel\\framework\\src\\Illuminate\\Routing\\Router.php(608): Illuminate\\Routing\\Router->runRoute(Object(Illuminate\\Http\\Request), Object(Illuminate\\Routing\\Route))
#37 C:\\Users\\Administrator\\Desktop\\project\\yuyeqi\\vendor\\laravel\\framework\\src\\Illuminate\\Routing\\Router.php(597): Illuminate\\Routing\\Router->dispatchToRoute(Object(Illuminate\\Http\\Request))
#38 C:\\Users\\Administrator\\Desktop\\project\\yuyeqi\\vendor\\laravel\\framework\\src\\Illuminate\\Foundation\\Http\\Kernel.php(176): Illuminate\\Routing\\Router->dispatch(Object(Illuminate\\Http\\Request))
#39 C:\\Users\\Administrator\\Desktop\\project\\yuyeqi\\vendor\\laravel\\framework\\src\\Illuminate\\Routing\\Pipeline.php(30): Illuminate\\Foundation\\Http\\Kernel->Illuminate\\Foundation\\Http\\{closure}(Object(Illuminate\\Http\\Request))
#40 C:\\Users\\Administrator\\Desktop\\project\\yuyeqi\\vendor\\barryvdh\\laravel-debugbar\\src\\Middleware\\InjectDebugbar.php(65): Illuminate\\Routing\\Pipeline->Illuminate\\Routing\\{closure}(Object(Illuminate\\Http\\Request))
#41 C:\\Users\\Administrator\\Desktop\\project\\yuyeqi\\vendor\\laravel\\framework\\src\\Illuminate\\Pipeline\\Pipeline.php(151): Barryvdh\\Debugbar\\Middleware\\InjectDebugbar->handle(Object(Illuminate\\Http\\Request), Object(Closure))
#42 C:\\Users\\Administrator\\Desktop\\project\\yuyeqi\\vendor\\laravel\\framework\\src\\Illuminate\\Routing\\Pipeline.php(53): Illuminate\\Pipeline\\Pipeline->Illuminate\\Pipeline\\{closure}(Object(Illuminate\\Http\\Request))
#43 C:\\Users\\Administrator\\Desktop\\project\\yuyeqi\\vendor\\fideloper\\proxy\\src\\TrustProxies.php(57): Illuminate\\Routing\\Pipeline->Illuminate\\Routing\\{closure}(Object(Illuminate\\Http\\Request))
#44 C:\\Users\\Administrator\\Desktop\\project\\yuyeqi\\vendor\\laravel\\framework\\src\\Illuminate\\Pipeline\\Pipeline.php(151): Fideloper\\Proxy\\TrustProxies->handle(Object(Illuminate\\Http\\Request), Object(Closure))
#45 C:\\Users\\Administrator\\Desktop\\project\\yuyeqi\\vendor\\laravel\\framework\\src\\Illuminate\\Routing\\Pipeline.php(53): Illuminate\\Pipeline\\Pipeline->Illuminate\\Pipeline\\{closure}(Object(Illuminate\\Http\\Request))
#46 C:\\Users\\Administrator\\Desktop\\project\\yuyeqi\\vendor\\laravel\\framework\\src\\Illuminate\\Foundation\\Http\\Middleware\\TransformsRequest.php(31): Illuminate\\Routing\\Pipeline->Illuminate\\Routing\\{closure}(Object(Illuminate\\Http\\Request))
#47 C:\\Users\\Administrator\\Desktop\\project\\yuyeqi\\vendor\\laravel\\framework\\src\\Illuminate\\Pipeline\\Pipeline.php(151): Illuminate\\Foundation\\Http\\Middleware\\TransformsRequest->handle(Object(Illuminate\\Http\\Request), Object(Closure))
#48 C:\\Users\\Administrator\\Desktop\\project\\yuyeqi\\vendor\\laravel\\framework\\src\\Illuminate\\Routing\\Pipeline.php(53): Illuminate\\Pipeline\\Pipeline->Illuminate\\Pipeline\\{closure}(Object(Illuminate\\Http\\Request))
#49 C:\\Users\\Administrator\\Desktop\\project\\yuyeqi\\vendor\\laravel\\framework\\src\\Illuminate\\Foundation\\Http\\Middleware\\TransformsRequest.php(31): Illuminate\\Routing\\Pipeline->Illuminate\\Routing\\{closure}(Object(Illuminate\\Http\\Request))
#50 C:\\Users\\Administrator\\Desktop\\project\\yuyeqi\\vendor\\laravel\\framework\\src\\Illuminate\\Pipeline\\Pipeline.php(151): Illuminate\\Foundation\\Http\\Middleware\\TransformsRequest->handle(Object(Illuminate\\Http\\Request), Object(Closure))
#51 C:\\Users\\Administrator\\Desktop\\project\\yuyeqi\\vendor\\laravel\\framework\\src\\Illuminate\\Routing\\Pipeline.php(53): Illuminate\\Pipeline\\Pipeline->Illuminate\\Pipeline\\{closure}(Object(Illuminate\\Http\\Request))
#52 C:\\Users\\Administrator\\Desktop\\project\\yuyeqi\\vendor\\laravel\\framework\\src\\Illuminate\\Foundation\\Http\\Middleware\\ValidatePostSize.php(27): Illuminate\\Routing\\Pipeline->Illuminate\\Routing\\{closure}(Object(Illuminate\\Http\\Request))
#53 C:\\Users\\Administrator\\Desktop\\project\\yuyeqi\\vendor\\laravel\\framework\\src\\Illuminate\\Pipeline\\Pipeline.php(151): Illuminate\\Foundation\\Http\\Middleware\\ValidatePostSize->handle(Object(Illuminate\\Http\\Request), Object(Closure))
#54 C:\\Users\\Administrator\\Desktop\\project\\yuyeqi\\vendor\\laravel\\framework\\src\\Illuminate\\Routing\\Pipeline.php(53): Illuminate\\Pipeline\\Pipeline->Illuminate\\Pipeline\\{closure}(Object(Illuminate\\Http\\Request))
#55 C:\\Users\\Administrator\\Desktop\\project\\yuyeqi\\vendor\\laravel\\framework\\src\\Illuminate\\Foundation\\Http\\Middleware\\CheckForMaintenanceMode.php(62): Illuminate\\Routing\\Pipeline->Illuminate\\Routing\\{closure}(Object(Illuminate\\Http\\Request))
#56 C:\\Users\\Administrator\\Desktop\\project\\yuyeqi\\vendor\\laravel\\framework\\src\\Illuminate\\Pipeline\\Pipeline.php(151): Illuminate\\Foundation\\Http\\Middleware\\CheckForMaintenanceMode->handle(Object(Illuminate\\Http\\Request), Object(Closure))
#57 C:\\Users\\Administrator\\Desktop\\project\\yuyeqi\\vendor\\laravel\\framework\\src\\Illuminate\\Routing\\Pipeline.php(53): Illuminate\\Pipeline\\Pipeline->Illuminate\\Pipeline\\{closure}(Object(Illuminate\\Http\\Request))
#58 C:\\Users\\Administrator\\Desktop\\project\\yuyeqi\\vendor\\laravel\\framework\\src\\Illuminate\\Pipeline\\Pipeline.php(104): Illuminate\\Routing\\Pipeline->Illuminate\\Routing\\{closure}(Object(Illuminate\\Http\\Request))
#59 C:\\Users\\Administrator\\Desktop\\project\\yuyeqi\\vendor\\laravel\\framework\\src\\Illuminate\\Foundation\\Http\\Kernel.php(151): Illuminate\\Pipeline\\Pipeline->then(Object(Closure))
#60 C:\\Users\\Administrator\\Desktop\\project\\yuyeqi\\vendor\\laravel\\framework\\src\\Illuminate\\Foundation\\Http\\Kernel.php(116): Illuminate\\Foundation\\Http\\Kernel->sendRequestThroughRouter(Object(Illuminate\\Http\\Request))
#61 C:\\Users\\Administrator\\Desktop\\project\\yuyeqi\\public\\index.php(55): Illuminate\\Foundation\\Http\\Kernel->handle(Object(Illuminate\\Http\\Request))
#62 {main}
"} 
