[2020-12-10 20:38:52] local.INFO: 【微信授权登录】----保存用户信息，user={"id":23,"openid":"ouz335Wq-zKeMX58lzrYSLxzt4r4","token":"WySGi9nVfN1ZUQTi9WFpLrqoFe0dOiSRpdAEReGT0LG3rFGTfHVZ0HIuPNrve8Fh","audit_status":1}  
[2020-12-10 20:38:56] local.INFO: 【微信授权登录】----保存用户信息，user={"id":23,"openid":"ouz335Wq-zKeMX58lzrYSLxzt4r4","token":"HJjI0wBMyENzTy49qhIHdvaklwWKgN6udb7y3UUEGsPQKJrejkxkr6akdaR0wcOG","audit_status":1}  
[2020-12-10 20:38:58] local.INFO: 【微信授权登录】----保存用户信息，user={"id":23,"openid":"ouz335Wq-zKeMX58lzrYSLxzt4r4","token":"J9ZvsaZotOoJ6OIk4jhmXMEj1iMZJGQuQpxnJvtnSJPq0lX7i6jHnIrvqio8lt9L","audit_status":1}  
[2020-12-10 20:39:12] local.INFO: 【微信授权登录】----保存用户信息，user={"id":23,"openid":"ouz335Wq-zKeMX58lzrYSLxzt4r4","token":"f0h28U36sbmL5awuPuG0H6CfOSFIdiH4kxUDPRKQrtuPlcqioxqWag4N3Nsz78BL","audit_status":1}  
[2020-12-10 20:39:24] local.INFO: 【微信授权登录】----保存用户信息，user={"id":23,"openid":"ouz335Wq-zKeMX58lzrYSLxzt4r4","token":"lM14DCs0dnadTOfkUnBe79KyHltmr1muqy0haWQwlTecRDbnIGTKorbHrI5XTXJW","audit_status":1}  
[2020-12-10 20:40:17] local.INFO: 【微信授权登录】----保存用户信息，user={"id":23,"openid":"ouz335Wq-zKeMX58lzrYSLxzt4r4","token":"Hzub3wBe1MkVVCwqfOZerw6p20zKjAjz5YvYrdGxeofabrV5xIp6cwBiVMdRrGFF","audit_status":1}  
[2020-12-10 20:40:31] local.INFO: 【微信授权登录】----保存用户信息，user={"id":23,"openid":"ouz335Wq-zKeMX58lzrYSLxzt4r4","token":"dPN3cRiaPa9iFrUjFjP7kgpHTdjC3Aq9dTJyElAavrPMkjw08pSY5S16EbPgcV3t","audit_status":1}  
[2020-12-10 20:40:35] local.INFO: 【微信授权登录】----保存用户信息，user={"id":23,"openid":"ouz335Wq-zKeMX58lzrYSLxzt4r4","token":"FxDZTzs82Nzg0lku4HT33rxuuab6CPLfvLauFplWslDtil0ZLpBvuIm0NBh5RMr2","audit_status":1}  
[2020-12-10 20:40:54] local.INFO: 【微信授权登录】----保存用户信息，user={"id":23,"openid":"ouz335Wq-zKeMX58lzrYSLxzt4r4","token":"PIrpANyIoMuGeR87TIr7qiHYmSPXucXxFXHj4sDxf8XuoG25L5AXU9twnjE0tesI","audit_status":1}  
[2020-12-10 20:41:59] local.INFO: 【微信授权登录】----保存用户信息，user={"id":23,"openid":"ouz335Wq-zKeMX58lzrYSLxzt4r4","token":"Jhwm5cGyTGCniamUrCD3V04iTZFfVw00OXUdjOGlzAT72ocBqHtYCPaS9GFYxI8M","audit_status":1}  
[2020-12-10 20:42:02] local.INFO: 【微信授权登录】----保存用户信息，user={"id":23,"openid":"ouz335Wq-zKeMX58lzrYSLxzt4r4","token":"0BIlzova67TvTRodkDJ1WzbmXmVTwsdYzR88mYgOPgejeIjXfdqEc09MWe5gEOP8","audit_status":1}  
[2020-12-10 20:42:05] local.INFO: 【微信授权登录】----保存用户信息，user={"id":23,"openid":"ouz335Wq-zKeMX58lzrYSLxzt4r4","token":"NHLDiCvukNa0g2Jqv7RhTqINsFUtmkUztW3OJrP0DgpjgyD9bwsWA4APAqQSc8to","audit_status":1}  
[2020-12-10 20:42:46] local.INFO: 【微信授权登录】----保存用户信息，user={"id":23,"openid":"ouz335Wq-zKeMX58lzrYSLxzt4r4","token":"K2GQwH45fFS4z7EyLCtsDQk7st9kxpOHJyx4ZsgiAkIHuNcH4FTG3IbQwg5iU1er","audit_status":1}  
[2020-12-10 20:43:06] local.INFO: 【微信授权登录】----保存用户信息，user={"id":23,"openid":"ouz335Wq-zKeMX58lzrYSLxzt4r4","token":"IyOfusp2rSwEMMBrQBjviI2wpIox1cvnt7qnRgyY9ybu5HAwgx239jmcKq1d1RTg","audit_status":1}  
[2020-12-10 20:43:10] local.INFO: 【微信授权登录】----保存用户信息，user={"id":23,"openid":"ouz335Wq-zKeMX58lzrYSLxzt4r4","token":"CrEH8YDT8lictnLGXgDm2DrzhatRAfzeT9kQdGClaUD57n3laDkrrYBen0AUW9GK","audit_status":1}  
[2020-12-10 20:43:13] local.INFO: ------------用户预约开始-------------用户id：27，用户姓名：杨添富  
[2020-12-10 20:43:13] local.INFO: [用户类型信息]--------userCate：{"id":5,"cate_name":"\u5176\u4ed6","status":0,"register_account":"2.00","tg_account":"2.00","book_score":50,"store_score":100,"order_score":200}  
[2020-12-10 20:43:13] local.INFO: [用户预约]--------预约信息：data={"client_name":"\u6768\u6768\u6768","client_phone":"18188706975","province":"\u5317\u4eac\u5e02","city":"\u5317\u4eac\u5e02","district":"\u4e1c\u57ce\u533a","community":"\u78a7\u6842\u56ed","house_name":"2001","sex":1,"arrive_time":"2020-12-12","user_id":27,"user_name":"\u6768\u6dfb\u5bcc","user_type":5,"book_no":202009100003,"book_score":50,"store_score":100,"finished_score":200}  
[2020-12-10 20:43:13] local.INFO: 【客户预约】-----预约成功，预约人id:27，姓名:杨添富  
[2020-12-10 20:43:22] local.INFO: 【微信授权登录】----保存用户信息，user={"id":23,"openid":"ouz335Wq-zKeMX58lzrYSLxzt4r4","token":"75JhIb2b5Fk57Xt0uAco0co5t3TWmwgmDIIN6Dy8YjBcDE93Xl2jkjgy4dmiKhcY","audit_status":1}  
