[2020-12-06 17:00:54] local.INFO: 【微信授权登录】----保存用户信息，user={"id":1,"openid":"ouz335fMOcjBiCb15jIQE6tqHH7Y","token":"E6n12ny3s8cYiTSoQQI9KpwwariJwFkWgn9605T20610Vxvo5jKqgGTZJm3xdwdN","audit_status":2}  
[2020-12-06 17:00:56] local.INFO: 【微信授权登录】----保存用户信息，user={"id":1,"openid":"ouz335fMOcjBiCb15jIQE6tqHH7Y","token":"6Zyz6QNUO5qNaYqYuEyj0tkfmlOQTZWRx1m49aiQQAUC5lXfKarZlRBT5uJutkxl","audit_status":2}  
[2020-12-06 17:00:58] local.INFO: 【微信授权登录】----保存用户信息，user={"id":59,"openid":"ouz335f918_3_bN9ndRwposJ1SY8","token":"6AMpSHuF9obxm2ln0QAa5hSePDTRKbAa0GpRWFCkh0bxIFHswdncWf9MxVUxyuLe","audit_status":0}  
[2020-12-06 17:01:00] local.INFO: 【微信登录】-----用户信息：sessionKey=aEAVUosK+zeL6H91giFiFA==  
[2020-12-06 17:01:00] local.INFO: 【微信登录】-----用户的微信信息：wechatData={"openId":"ouz335f918_3_bN9ndRwposJ1SY8","nickName":"A\u7687\u6d3e\u95e8\u7a97\u9093\u4f1f","gender":1,"language":"zh_CN","city":"Enshi","province":"Hubei","country":"China","avatarUrl":"https:\/\/thirdwx.qlogo.cn\/mmopen\/vi_32\/a3RqWg3mdn1lPvbicpG9NAa6uJZOavog17PgPKkzqDsdL5KiawFhSWp6jI29POs9uxtq7X6qKKNOKPpePdbpL7RA\/132","watermark":{"timestamp":1607245260,"appid":"wx2b228977d6e0ab5e"}}  
[2020-12-06 17:01:37] local.INFO: 【微信授权登录】----保存用户信息，user={"id":60,"openid":"ouz335ZW1QZHcZ6hdT_yejt2XjEE","token":"WawmUMYe8hypUHu5R57GJv1Nds8QCsUtyCzdH6hpfPTTnruQpc7jTOaYWZ6fGeHH","audit_status":0}  
[2020-12-06 17:01:39] local.INFO: 【微信授权登录】----保存用户信息，user={"id":61,"openid":"ouz335a0EJfle-ePNbn-_Jj6LZBw","token":"jKsgSKuDb31TavGfyZtbl4S6Br5uoXWsdi7ypjFh6eYlePvtYfPFqCP4MvFYu9f2","audit_status":0}  
[2020-12-06 17:01:41] local.INFO: 【微信登录】-----用户信息：sessionKey=irb2mR9iWA5TwyUgSPt9rA==  
[2020-12-06 17:01:41] local.INFO: 【微信登录】-----用户的微信信息：wechatData={"openId":"ouz335ZW1QZHcZ6hdT_yejt2XjEE","nickName":"LV","gender":2,"language":"zh_CN","city":"Xi'an","province":"Shaanxi","country":"China","avatarUrl":"https:\/\/thirdwx.qlogo.cn\/mmopen\/vi_32\/H4ABnFN3liaEveRzMbf2mVibqsFEgicxgicFRCdImChlyYSwrpiaTWxChZpY7IVE1Q3nlTeBlSFD67alkqLTN3b9xPQ\/132","watermark":{"timestamp":1607245301,"appid":"wx2b228977d6e0ab5e"}}  
[2020-12-06 17:01:45] local.INFO: 【微信登录】-----用户信息：sessionKey=pSqPRVJnwMndl+3K423EDA==  
[2020-12-06 17:01:45] local.INFO: 【微信登录】-----用户的微信信息：wechatData={"openId":"ouz335a0EJfle-ePNbn-_Jj6LZBw","nickName":"\u5357\u5927\u7687\u6d3e\u95e8\u7a97\u987e\u95ee\u7a0b\u8c46","gender":2,"language":"zh_CN","city":"Xi'an","province":"Shaanxi","country":"China","avatarUrl":"https:\/\/thirdwx.qlogo.cn\/mmopen\/vi_32\/A8H9UAfbGBoPhZsabtHpdystgy4MqZhO5LiatnBQQfRkbkaVszswe32Dm4ke5HI02dycqqF5xZYeicJVlssVp3FA\/132","watermark":{"timestamp":1607245304,"appid":"wx2b228977d6e0ab5e"}}  
[2020-12-06 17:02:48] local.INFO: 【微信登录】-----用户信息：sessionKey=irb2mR9iWA5TwyUgSPt9rA==  
[2020-12-06 17:02:48] local.INFO: 【微信登录】-----用户的微信信息：wechatData={"openId":"ouz335ZW1QZHcZ6hdT_yejt2XjEE","nickName":"LV","gender":2,"language":"zh_CN","city":"Xi'an","province":"Shaanxi","country":"China","avatarUrl":"https:\/\/thirdwx.qlogo.cn\/mmopen\/vi_32\/H4ABnFN3liaEveRzMbf2mVibqsFEgicxgicFRCdImChlyYSwrpiaTWxChZpY7IVE1Q3nlTeBlSFD67alkqLTN3b9xPQ\/132","watermark":{"timestamp":1607245368,"appid":"wx2b228977d6e0ab5e"}}  
[2020-12-06 17:03:24] local.INFO: 【用户注册】----注册开始，注册数据：data={"id":61,"user_type":4,"user_name":"\u7a0b\u8c46","phone":"17601250457","sex":2,"position_name":null,"org_name":"\u5357\u5927\u660e\u5bab\u7687\u6d3e\u95e8\u7a97","birthday":"1995-10-02","user_brand":null,"province":"\u9655\u897f\u7701","city":"\u897f\u5b89\u5e02","area":"\u96c1\u5854\u533a","address":"\u542b\u5149\u8def\u5357\u5927\u660e\u5bab\u5efa\u6750\u5e02\u573a\u8d1f\u4e00\u697c\u7687\u6d3e\u95e8\u7a97","parent_id":null,"share_type":0}  
[2020-12-06 17:03:24] local.INFO: 【用户注册】----注册成功  
[2020-12-06 17:05:27] local.INFO: 【用户注册】----注册开始，注册数据：data={"id":59,"user_type":4,"user_name":"\u9093\u4f1f","phone":"18161993867","sex":1,"position_name":null,"org_name":"\u7687\u6d3e\u9ad8\u7aef\u9694\u97f3\u95e8\u7a97","birthday":"1996-11-08","user_brand":null,"province":"\u9655\u897f\u7701","city":"\u897f\u5b89\u5e02","area":"\u96c1\u5854\u533a","address":"\u5357\u5927\u660e\u5bab","parent_id":null,"share_type":0}  
[2020-12-06 17:05:27] local.INFO: 【用户注册】----注册成功  
[2020-12-06 17:05:27] local.INFO: 【微信授权登录】----保存用户信息，user={"id":20,"openid":"ouz335TMOQxq-I3akFC0Uj1Mr5X4","token":"Zfk1sTCQdOIKPdgs43dGKMxzF2TivQSJrRyef4QakzQOkmZr1tkOOmNCOwmQoPdA","audit_status":2}  
[2020-12-06 17:05:29] local.INFO: 【微信登录】-----用户信息：sessionKey=UyfqfMASBHs1iNKTvAp0ww==  
[2020-12-06 17:05:29] local.INFO: 【微信登录】-----用户的微信信息：wechatData={"openId":"ouz335TMOQxq-I3akFC0Uj1Mr5X4","nickName":"\u5218\u6491\u56fd\ud83c\udfc3","gender":1,"language":"zh_CN","city":"Xi'an","province":"Shaanxi","country":"China","avatarUrl":"https:\/\/thirdwx.qlogo.cn\/mmopen\/vi_32\/DYAIOgq83eo741M6wKca94rvt9WFl6SbJQxc81smuhTNkvNibBPrdNyhU1iaSvvVWAbnsUPuHMpNBm46Lf653fyQ\/132","watermark":{"timestamp":1607245529,"appid":"wx2b228977d6e0ab5e"}}  
[2020-12-06 17:05:57] local.INFO: 【用户注册】----注册开始，注册数据：data={"id":60,"user_type":4,"user_name":"\u5415\u7a33\u840d","phone":"18066942150","sex":2,"position_name":null,"org_name":"\u6587\u535a\u826f\u54c1","birthday":"1971-06-29","user_brand":null,"province":"\u9655\u897f\u7701","city":"\u897f\u5b89\u5e02","area":"\u83b2\u6e56\u533a","address":"\u68a8\u56ed\u8def\u7d2b\u4e91\u6eaa\u5c0f\u533a","parent_id":null,"share_type":0}  
[2020-12-06 17:05:57] local.INFO: 【用户注册】----注册成功  
[2020-12-06 17:06:04] local.INFO: 【微信授权登录】----保存用户信息，user={"id":60,"openid":"ouz335ZW1QZHcZ6hdT_yejt2XjEE","token":"dmT5LrYtepDjMTe2tcngHhqzV1nW4i7HLdFt9GAR96eZPNqx8PnY79MsJGLu4SXu","audit_status":1}  
[2020-12-06 17:09:54] local.INFO: 【微信授权登录】----保存用户信息，user={"id":62,"openid":"ouz335QXdayB2ixOs2PKCoQ0tUNo","token":"SAf81bfUqDCfnywHKyVNTXhK1u6LdRDGS5HTybnWPrRxl9mxXgfRI0WLu3AbwpQF","audit_status":0}  
[2020-12-06 17:09:56] local.INFO: 【微信登录】-----用户信息：sessionKey=gKJlUDg25+jPJnZLv40Gww==  
[2020-12-06 17:09:56] local.INFO: 【微信登录】-----用户的微信信息：wechatData={"openId":"ouz335QXdayB2ixOs2PKCoQ0tUNo","nickName":"A\ud83c\udf38\u6674","gender":2,"language":"zh_CN","city":"Xi'an","province":"Shaanxi","country":"China","avatarUrl":"https:\/\/thirdwx.qlogo.cn\/mmopen\/vi_32\/zWYv25lOSNZ8sB7iakltZ94lecic9g7BvzbUxrUrlRxAx3iaeBXTgictY06ibgzFzrQeScourpw5PEphns7WOjbuCPw\/132","watermark":{"timestamp":1607245796,"appid":"wx2b228977d6e0ab5e"}}  
[2020-12-06 17:14:27] local.INFO: 【微信授权登录】----保存用户信息，user={"id":23,"openid":"ouz335Wq-zKeMX58lzrYSLxzt4r4","token":"MkUJ02Xa1OzduLTuHinNjLZZI1flkLXZB6Yf3nsliqr1iwh5Yw4Wh7oRLGN0Te2U","audit_status":2}  
[2020-12-06 17:14:28] local.INFO: 【微信登录】-----用户信息：sessionKey=NHAJ1vvjwzgdABqejX0Kww==  
[2020-12-06 17:14:28] local.INFO: 【微信登录】-----用户的微信信息：wechatData={"openId":"ouz335Wq-zKeMX58lzrYSLxzt4r4","nickName":"\ud83c\udf08\ud83c\udf08\u628a\u661f\u5b50\u653e\u5165\u7738\ud83d\udcab \ud83d\udcab","gender":2,"language":"zh_CN","city":"","province":"","country":"Iceland","avatarUrl":"https:\/\/thirdwx.qlogo.cn\/mmopen\/vi_32\/334cjqG1euGkQENdDicDh8BkdqFe7XtPhnwc9LWBuXicia3kia7Y47fX6mOMlqVSsEC0FGf3dPJhKTJB1WxLFVQTSA\/132","watermark":{"timestamp":1607246068,"appid":"wx2b228977d6e0ab5e"}}  
[2020-12-06 17:15:17] local.INFO: 【用户注册】----注册开始，注册数据：data={"id":23,"user_type":4,"user_name":"\u674e\u53f6","phone":"17778961127","sex":2,"position_name":null,"org_name":"\u5317\u5927\u660e\u5bab","birthday":"1994-11-23","user_brand":null,"province":"\u9655\u897f\u7701","city":"\u897f\u5b89\u5e02","area":"\u672a\u592e\u533a","address":"\u897f\u5b89\u5e02\u897f\u90ca","parent_id":null,"share_type":0}  
[2020-12-06 17:15:17] local.INFO: 【用户注册】----注册成功  
[2020-12-06 17:16:23] local.INFO: 【微信授权登录】----保存用户信息，user={"id":63,"openid":"ouz335Te_yRbFpRMk_8JYAWccc1Y","token":"1NPA3KcvjzaaiHYfe3Q5HSNVFOvjfvmJI6fkXcornXyhYvvXZRG411FK1Em50HPa","audit_status":0}  
[2020-12-06 17:16:26] local.INFO: 【微信登录】-----用户信息：sessionKey=hf4NPlNRSPWhYjrURIjUqg==  
[2020-12-06 17:16:26] local.INFO: 【微信登录】-----用户的微信信息：wechatData={"openId":"ouz335Te_yRbFpRMk_8JYAWccc1Y","nickName":"A\u90ed\u60e0\u971e","gender":2,"language":"zh_CN","city":"","province":"Bangkok","country":"Thailand","avatarUrl":"https:\/\/thirdwx.qlogo.cn\/mmopen\/vi_32\/iaKktjpN6Nsyyic8Rv2NwKWzr0TicV67RSEib8E74fJAsh9WEhjuiaXO0Bw89OBH74ibxNAibCFQRsT9M4IU8RFC9pvpQ\/132","watermark":{"timestamp":1607246185,"appid":"wx2b228977d6e0ab5e"}}  
[2020-12-06 17:18:14] local.INFO: 【用户注册】----注册开始，注册数据：data={"id":62,"user_type":4,"user_name":"\u674e\u6674","phone":"15309233430","sex":2,"position_name":null,"org_name":"\u7687\u6d3e\u9ad8\u7aef\u9694\u97f3\u95e8\u7a97","birthday":"1985-12-18","user_brand":null,"province":"\u9655\u897f\u7701","city":"\u897f\u5b89\u5e02","area":"\u96c1\u5854\u533a","address":"\u5357\u5927\u660e\u5bab","parent_id":null,"share_type":0}  
[2020-12-06 17:18:14] local.INFO: 【用户注册】----注册成功  
[2020-12-06 17:18:14] local.INFO: 【微信登录】-----用户信息：sessionKey=hf4NPlNRSPWhYjrURIjUqg==  
[2020-12-06 17:18:14] local.INFO: 【微信登录】-----用户的微信信息：wechatData={"openId":"ouz335Te_yRbFpRMk_8JYAWccc1Y","nickName":"A\u90ed\u60e0\u971e","gender":2,"language":"zh_CN","city":"","province":"Bangkok","country":"Thailand","avatarUrl":"https:\/\/thirdwx.qlogo.cn\/mmopen\/vi_32\/iaKktjpN6Nsyyic8Rv2NwKWzr0TicV67RSEib8E74fJAsh9WEhjuiaXO0Bw89OBH74ibxNAibCFQRsT9M4IU8RFC9pvpQ\/132","watermark":{"timestamp":1607246293,"appid":"wx2b228977d6e0ab5e"}}  
[2020-12-06 17:19:17] local.INFO: 【用户注册】----注册开始，注册数据：data={"id":63,"user_type":4,"user_name":"\u90ed\u60e0\u971e","phone":"13112761180","sex":2,"position_name":null,"org_name":"\u7687\u6d3e\u95e8\u7a97\u9ad8\u7aef\u9694\u97f3\u95e8\u7a97","birthday":"1994-02-12","user_brand":null,"province":"\u9655\u897f\u7701","city":"\u897f\u5b89\u5e02","area":"\u96c1\u5854\u533a","address":"\u5357\u5927\u660e\u5bab\u7687\u6d3e\u95e8\u7a97\u4e13\u5356\u5e97","parent_id":null,"share_type":0}  
[2020-12-06 17:19:17] local.INFO: 【用户注册】----注册成功  
[2020-12-06 17:24:42] local.INFO: 【微信授权登录】----保存用户信息，user={"id":64,"openid":"ouz335dwD19cNV6B5yHS_Xau8OwA","token":"RXMTcEbuDeusDgdKr3VSqr5RIN1r4JOCFJeEUB4DEQEggwSrYXJKxXTdRSuZjRCr","audit_status":0}  
[2020-12-06 17:24:45] local.INFO: 【微信登录】-----用户信息：sessionKey=TQdMXgOqv3zkLoIPCrfPdA==  
[2020-12-06 17:24:45] local.INFO: 【微信登录】-----用户的微信信息：wechatData={"openId":"ouz335dwD19cNV6B5yHS_Xau8OwA","nickName":"A\u7687\u6d3e\u95e8\u7a97\u8042\u8d85","gender":1,"language":"zh_CN","city":"Xi'an","province":"Shaanxi","country":"China","avatarUrl":"https:\/\/thirdwx.qlogo.cn\/mmopen\/vi_32\/DYAIOgq83erXzbG5cPcgEQxrlRnPAwibURGnE0L8laMMMEK6lic0HXFFFGA5F7FYzQpWLOnUFico5ELXITeiaMok1A\/132","watermark":{"timestamp":1607246685,"appid":"wx2b228977d6e0ab5e"}}  
[2020-12-06 17:25:44] local.INFO: 【用户注册】----注册开始，注册数据：data={"id":64,"user_type":4,"user_name":"\u8042\u8d85","phone":"18681875852","sex":1,"position_name":null,"org_name":"\u897f\u5b89\u6587\u535a\u826f\u54c1\u5efa\u6750\u6709\u9650\u516c\u53f8","birthday":"1990-03-21","user_brand":null,"province":"\u9655\u897f\u7701","city":"\u897f\u5b89\u5e02","area":"\u96c1\u5854\u533a","address":"\u7d2b\u90e1\u957f\u5b89","parent_id":null,"share_type":0}  
[2020-12-06 17:25:44] local.INFO: 【用户注册】----注册成功  
[2020-12-06 17:33:22] local.ERROR: Undefined index: audit_status {"exception":"[object] (ErrorException(code: 0): Undefined index: audit_status at /var/local/data/hpmc/app/Http/Service/UserService.php:141)
[stacktrace]
#0 /var/local/data/hpmc/app/Http/Service/UserService.php(141): Illuminate\\Foundation\\Bootstrap\\HandleExceptions->handleError(8, 'Undefined index...', '/var/local/data...', 141, Array)
#1 /var/local/data/hpmc/app/Http/Controllers/Admin/UserController.php(139): App\\Http\\Service\\UserService->userAudit(Array, Array)
#2 [internal function]: App\\Http\\Controllers\\Admin\\UserController->audit(Object(Illuminate\\Http\\Request))
#3 /var/local/data/hpmc/vendor/laravel/framework/src/Illuminate/Routing/Controller.php(54): call_user_func_array(Array, Array)
#4 /var/local/data/hpmc/vendor/laravel/framework/src/Illuminate/Routing/ControllerDispatcher.php(45): Illuminate\\Routing\\Controller->callAction('audit', Array)
#5 /var/local/data/hpmc/vendor/laravel/framework/src/Illuminate/Routing/Route.php(212): Illuminate\\Routing\\ControllerDispatcher->dispatch(Object(Illuminate\\Routing\\Route), Object(App\\Http\\Controllers\\Admin\\UserController), 'audit')
#6 /var/local/data/hpmc/vendor/laravel/framework/src/Illuminate/Routing/Route.php(169): Illuminate\\Routing\\Route->runController()
#7 /var/local/data/hpmc/vendor/laravel/framework/src/Illuminate/Routing/Router.php(665): Illuminate\\Routing\\Route->run()
#8 /var/local/data/hpmc/vendor/laravel/framework/src/Illuminate/Routing/Pipeline.php(30): Illuminate\\Routing\\Router->Illuminate\\Routing\\{closure}(Object(Illuminate\\Http\\Request))
#9 /var/local/data/hpmc/app/Http/Controllers/Admin/BaseController.php(20): Illuminate\\Routing\\Pipeline->Illuminate\\Routing\\{closure}(Object(Illuminate\\Http\\Request))
#10 /var/local/data/hpmc/vendor/laravel/framework/src/Illuminate/Pipeline/Pipeline.php(133): App\\Http\\Controllers\\Admin\\BaseController->App\\Http\\Controllers\\Admin\\{closure}(Object(Illuminate\\Http\\Request), Object(Closure))
#11 /var/local/data/hpmc/vendor/laravel/framework/src/Illuminate/Routing/Pipeline.php(53): Illuminate\\Pipeline\\Pipeline->Illuminate\\Pipeline\\{closure}(Object(Illuminate\\Http\\Request))
#12 /var/local/data/hpmc/app/Http/Middleware/AdminAuth.php(25): Illuminate\\Routing\\Pipeline->Illuminate\\Routing\\{closure}(Object(Illuminate\\Http\\Request))
#13 /var/local/data/hpmc/vendor/laravel/framework/src/Illuminate/Pipeline/Pipeline.php(151): App\\Http\\Middleware\\AdminAuth->handle(Object(Illuminate\\Http\\Request), Object(Closure))
#14 /var/local/data/hpmc/vendor/laravel/framework/src/Illuminate/Routing/Pipeline.php(53): Illuminate\\Pipeline\\Pipeline->Illuminate\\Pipeline\\{closure}(Object(Illuminate\\Http\\Request))
#15 /var/local/data/hpmc/vendor/laravel/framework/src/Illuminate/Routing/Middleware/SubstituteBindings.php(41): Illuminate\\Routing\\Pipeline->Illuminate\\Routing\\{closure}(Object(Illuminate\\Http\\Request))
#16 /var/local/data/hpmc/vendor/laravel/framework/src/Illuminate/Pipeline/Pipeline.php(151): Illuminate\\Routing\\Middleware\\SubstituteBindings->handle(Object(Illuminate\\Http\\Request), Object(Closure))
#17 /var/local/data/hpmc/vendor/laravel/framework/src/Illuminate/Routing/Pipeline.php(53): Illuminate\\Pipeline\\Pipeline->Illuminate\\Pipeline\\{closure}(Object(Illuminate\\Http\\Request))
#18 /var/local/data/hpmc/vendor/laravel/framework/src/Illuminate/Foundation/Http/Middleware/VerifyCsrfToken.php(68): Illuminate\\Routing\\Pipeline->Illuminate\\Routing\\{closure}(Object(Illuminate\\Http\\Request))
#19 /var/local/data/hpmc/vendor/laravel/framework/src/Illuminate/Pipeline/Pipeline.php(151): Illuminate\\Foundation\\Http\\Middleware\\VerifyCsrfToken->handle(Object(Illuminate\\Http\\Request), Object(Closure))
#20 /var/local/data/hpmc/vendor/laravel/framework/src/Illuminate/Routing/Pipeline.php(53): Illuminate\\Pipeline\\Pipeline->Illuminate\\Pipeline\\{closure}(Object(Illuminate\\Http\\Request))
#21 /var/local/data/hpmc/vendor/laravel/framework/src/Illuminate/View/Middleware/ShareErrorsFromSession.php(49): Illuminate\\Routing\\Pipeline->Illuminate\\Routing\\{closure}(Object(Illuminate\\Http\\Request))
#22 /var/local/data/hpmc/vendor/laravel/framework/src/Illuminate/Pipeline/Pipeline.php(151): Illuminate\\View\\Middleware\\ShareErrorsFromSession->handle(Object(Illuminate\\Http\\Request), Object(Closure))
#23 /var/local/data/hpmc/vendor/laravel/framework/src/Illuminate/Routing/Pipeline.php(53): Illuminate\\Pipeline\\Pipeline->Illuminate\\Pipeline\\{closure}(Object(Illuminate\\Http\\Request))
#24 /var/local/data/hpmc/vendor/laravel/framework/src/Illuminate/Session/Middleware/StartSession.php(63): Illuminate\\Routing\\Pipeline->Illuminate\\Routing\\{closure}(Object(Illuminate\\Http\\Request))
#25 /var/local/data/hpmc/vendor/laravel/framework/src/Illuminate/Pipeline/Pipeline.php(151): Illuminate\\Session\\Middleware\\StartSession->handle(Object(Illuminate\\Http\\Request), Object(Closure))
#26 /var/local/data/hpmc/vendor/laravel/framework/src/Illuminate/Routing/Pipeline.php(53): Illuminate\\Pipeline\\Pipeline->Illuminate\\Pipeline\\{closure}(Object(Illuminate\\Http\\Request))
#27 /var/local/data/hpmc/vendor/laravel/framework/src/Illuminate/Cookie/Middleware/AddQueuedCookiesToResponse.php(37): Illuminate\\Routing\\Pipeline->Illuminate\\Routing\\{closure}(Object(Illuminate\\Http\\Request))
#28 /var/local/data/hpmc/vendor/laravel/framework/src/Illuminate/Pipeline/Pipeline.php(151): Illuminate\\Cookie\\Middleware\\AddQueuedCookiesToResponse->handle(Object(Illuminate\\Http\\Request), Object(Closure))
#29 /var/local/data/hpmc/vendor/laravel/framework/src/Illuminate/Routing/Pipeline.php(53): Illuminate\\Pipeline\\Pipeline->Illuminate\\Pipeline\\{closure}(Object(Illuminate\\Http\\Request))
#30 /var/local/data/hpmc/vendor/laravel/framework/src/Illuminate/Cookie/Middleware/EncryptCookies.php(66): Illuminate\\Routing\\Pipeline->Illuminate\\Routing\\{closure}(Object(Illuminate\\Http\\Request))
#31 /var/local/data/hpmc/vendor/laravel/framework/src/Illuminate/Pipeline/Pipeline.php(151): Illuminate\\Cookie\\Middleware\\EncryptCookies->handle(Object(Illuminate\\Http\\Request), Object(Closure))
#32 /var/local/data/hpmc/vendor/laravel/framework/src/Illuminate/Routing/Pipeline.php(53): Illuminate\\Pipeline\\Pipeline->Illuminate\\Pipeline\\{closure}(Object(Illuminate\\Http\\Request))
#33 /var/local/data/hpmc/vendor/laravel/framework/src/Illuminate/Pipeline/Pipeline.php(104): Illuminate\\Routing\\Pipeline->Illuminate\\Routing\\{closure}(Object(Illuminate\\Http\\Request))
#34 /var/local/data/hpmc/vendor/laravel/framework/src/Illuminate/Routing/Router.php(667): Illuminate\\Pipeline\\Pipeline->then(Object(Closure))
#35 /var/local/data/hpmc/vendor/laravel/framework/src/Illuminate/Routing/Router.php(642): Illuminate\\Routing\\Router->runRouteWithinStack(Object(Illuminate\\Routing\\Route), Object(Illuminate\\Http\\Request))
#36 /var/local/data/hpmc/vendor/laravel/framework/src/Illuminate/Routing/Router.php(608): Illuminate\\Routing\\Router->runRoute(Object(Illuminate\\Http\\Request), Object(Illuminate\\Routing\\Route))
#37 /var/local/data/hpmc/vendor/laravel/framework/src/Illuminate/Routing/Router.php(597): Illuminate\\Routing\\Router->dispatchToRoute(Object(Illuminate\\Http\\Request))
#38 /var/local/data/hpmc/vendor/laravel/framework/src/Illuminate/Foundation/Http/Kernel.php(176): Illuminate\\Routing\\Router->dispatch(Object(Illuminate\\Http\\Request))
#39 /var/local/data/hpmc/vendor/laravel/framework/src/Illuminate/Routing/Pipeline.php(30): Illuminate\\Foundation\\Http\\Kernel->Illuminate\\Foundation\\Http\\{closure}(Object(Illuminate\\Http\\Request))
#40 /var/local/data/hpmc/vendor/barryvdh/laravel-debugbar/src/Middleware/InjectDebugbar.php(58): Illuminate\\Routing\\Pipeline->Illuminate\\Routing\\{closure}(Object(Illuminate\\Http\\Request))
#41 /var/local/data/hpmc/vendor/laravel/framework/src/Illuminate/Pipeline/Pipeline.php(151): Barryvdh\\Debugbar\\Middleware\\InjectDebugbar->handle(Object(Illuminate\\Http\\Request), Object(Closure))
#42 /var/local/data/hpmc/vendor/laravel/framework/src/Illuminate/Routing/Pipeline.php(53): Illuminate\\Pipeline\\Pipeline->Illuminate\\Pipeline\\{closure}(Object(Illuminate\\Http\\Request))
#43 /var/local/data/hpmc/vendor/fideloper/proxy/src/TrustProxies.php(57): Illuminate\\Routing\\Pipeline->Illuminate\\Routing\\{closure}(Object(Illuminate\\Http\\Request))
#44 /var/local/data/hpmc/vendor/laravel/framework/src/Illuminate/Pipeline/Pipeline.php(151): Fideloper\\Proxy\\TrustProxies->handle(Object(Illuminate\\Http\\Request), Object(Closure))
#45 /var/local/data/hpmc/vendor/laravel/framework/src/Illuminate/Routing/Pipeline.php(53): Illuminate\\Pipeline\\Pipeline->Illuminate\\Pipeline\\{closure}(Object(Illuminate\\Http\\Request))
#46 /var/local/data/hpmc/vendor/laravel/framework/src/Illuminate/Foundation/Http/Middleware/TransformsRequest.php(31): Illuminate\\Routing\\Pipeline->Illuminate\\Routing\\{closure}(Object(Illuminate\\Http\\Request))
#47 /var/local/data/hpmc/vendor/laravel/framework/src/Illuminate/Pipeline/Pipeline.php(151): Illuminate\\Foundation\\Http\\Middleware\\TransformsRequest->handle(Object(Illuminate\\Http\\Request), Object(Closure))
#48 /var/local/data/hpmc/vendor/laravel/framework/src/Illuminate/Routing/Pipeline.php(53): Illuminate\\Pipeline\\Pipeline->Illuminate\\Pipeline\\{closure}(Object(Illuminate\\Http\\Request))
#49 /var/local/data/hpmc/vendor/laravel/framework/src/Illuminate/Foundation/Http/Middleware/TransformsRequest.php(31): Illuminate\\Routing\\Pipeline->Illuminate\\Routing\\{closure}(Object(Illuminate\\Http\\Request))
#50 /var/local/data/hpmc/vendor/laravel/framework/src/Illuminate/Pipeline/Pipeline.php(151): Illuminate\\Foundation\\Http\\Middleware\\TransformsRequest->handle(Object(Illuminate\\Http\\Request), Object(Closure))
#51 /var/local/data/hpmc/vendor/laravel/framework/src/Illuminate/Routing/Pipeline.php(53): Illuminate\\Pipeline\\Pipeline->Illuminate\\Pipeline\\{closure}(Object(Illuminate\\Http\\Request))
#52 /var/local/data/hpmc/vendor/laravel/framework/src/Illuminate/Foundation/Http/Middleware/ValidatePostSize.php(27): Illuminate\\Routing\\Pipeline->Illuminate\\Routing\\{closure}(Object(Illuminate\\Http\\Request))
#53 /var/local/data/hpmc/vendor/laravel/framework/src/Illuminate/Pipeline/Pipeline.php(151): Illuminate\\Foundation\\Http\\Middleware\\ValidatePostSize->handle(Object(Illuminate\\Http\\Request), Object(Closure))
#54 /var/local/data/hpmc/vendor/laravel/framework/src/Illuminate/Routing/Pipeline.php(53): Illuminate\\Pipeline\\Pipeline->Illuminate\\Pipeline\\{closure}(Object(Illuminate\\Http\\Request))
#55 /var/local/data/hpmc/vendor/laravel/framework/src/Illuminate/Foundation/Http/Middleware/CheckForMaintenanceMode.php(62): Illuminate\\Routing\\Pipeline->Illuminate\\Routing\\{closure}(Object(Illuminate\\Http\\Request))
#56 /var/local/data/hpmc/vendor/laravel/framework/src/Illuminate/Pipeline/Pipeline.php(151): Illuminate\\Foundation\\Http\\Middleware\\CheckForMaintenanceMode->handle(Object(Illuminate\\Http\\Request), Object(Closure))
#57 /var/local/data/hpmc/vendor/laravel/framework/src/Illuminate/Routing/Pipeline.php(53): Illuminate\\Pipeline\\Pipeline->Illuminate\\Pipeline\\{closure}(Object(Illuminate\\Http\\Request))
#58 /var/local/data/hpmc/vendor/laravel/framework/src/Illuminate/Pipeline/Pipeline.php(104): Illuminate\\Routing\\Pipeline->Illuminate\\Routing\\{closure}(Object(Illuminate\\Http\\Request))
#59 /var/local/data/hpmc/vendor/laravel/framework/src/Illuminate/Foundation/Http/Kernel.php(151): Illuminate\\Pipeline\\Pipeline->then(Object(Closure))
#60 /var/local/data/hpmc/vendor/laravel/framework/src/Illuminate/Foundation/Http/Kernel.php(116): Illuminate\\Foundation\\Http\\Kernel->sendRequestThroughRouter(Object(Illuminate\\Http\\Request))
#61 /var/local/data/hpmc/public/index.php(55): Illuminate\\Foundation\\Http\\Kernel->handle(Object(Illuminate\\Http\\Request))
#62 {main}
"} 
